[2015-03-20 16:11:42] (ERROR @ /setup/index.php) Could not copy /var/www/charliga/core/packages/core/modContext/8c26af9c3c6f187c72f54c09c2a380b3/0/ to /var/www/charliga/index.php
[2015-03-20 16:11:42] (ERROR @ /setup/index.php) Could not copy /var/www/charliga/core/packages/core/modContext/8c26af9c3c6f187c72f54c09c2a380b3/1/ to /var/www/charliga/ht.access
[2015-03-20 16:11:42] (ERROR @ /setup/index.php) xPDOVehicle resolver failed: type php (/var/www/charliga/core/packages/core/modContext/8c26af9c3c6f187c72f54c09c2a380b3.resolve.core.resolver)
[2015-03-20 16:11:42] (ERROR @ /setup/index.php) Could not resolve vehicle for object of class modContext; criteria: Array
(
    [key] => web
)

[2015-03-20 16:11:42] (ERROR @ /setup/index.php) Could not copy /var/www/charliga/core/packages/core/modContext/78f9a8a8a57483be387752d3e2721e3c/0/ to /var/www/charliga/manager/assets
[2015-03-20 16:11:42] (ERROR @ /setup/index.php) Could not copy /var/www/charliga/core/packages/core/modContext/78f9a8a8a57483be387752d3e2721e3c/1/ to /var/www/charliga/manager/controllers
[2015-03-20 16:11:42] (ERROR @ /setup/index.php) Could not copy /var/www/charliga/core/packages/core/modContext/78f9a8a8a57483be387752d3e2721e3c/2/ to /var/www/charliga/manager/templates
[2015-03-20 16:11:42] (ERROR @ /setup/index.php) Could not copy /var/www/charliga/core/packages/core/modContext/78f9a8a8a57483be387752d3e2721e3c/3/ to /var/www/charliga/manager/min
[2015-03-20 16:11:42] (ERROR @ /setup/index.php) Could not copy /var/www/charliga/core/packages/core/modContext/78f9a8a8a57483be387752d3e2721e3c/4/ to /var/www/charliga/manager/ht.access
[2015-03-20 16:11:42] (ERROR @ /setup/index.php) Could not copy /var/www/charliga/core/packages/core/modContext/78f9a8a8a57483be387752d3e2721e3c/5/ to /var/www/charliga/manager/cache.manifest.php
[2015-03-20 16:11:42] (ERROR @ /setup/index.php) Could not copy /var/www/charliga/core/packages/core/modContext/78f9a8a8a57483be387752d3e2721e3c/6/ to /var/www/charliga/manager/index.php
[2015-03-20 16:11:42] (ERROR @ /setup/index.php) xPDOVehicle resolver failed: type php (/var/www/charliga/core/packages/core/modContext/78f9a8a8a57483be387752d3e2721e3c.resolve.core.resolver)
[2015-03-20 16:11:42] (ERROR @ /setup/index.php) Could not resolve vehicle for object of class modContext; criteria: Array
(
    [key] => mgr
)

[2015-03-20 16:11:43] (ERROR @ /setup/index.php) Could not install files from /var/www/charliga/core/packages/core/xPDOFileVehicle/b74a8ab124b2c5cb079063fd023a906e/ to /var/www/charliga/connectors/
[2015-03-20 16:11:43] (ERROR @ /setup/index.php) Could not install files from /var/www/charliga/core/packages/core/xPDOFileVehicle/4c1222226155ca5fc34f88c62ca57baa/ to /var/www/charliga/connectors/
[2015-03-20 16:11:43] (ERROR @ /setup/index.php) Could not install files from /var/www/charliga/core/packages/core/xPDOFileVehicle/082548e247ca69715976e8acd111ff42/ to /var/www/charliga/connectors/
[2015-03-20 16:11:43] (ERROR @ /setup/index.php) Could not install files from /var/www/charliga/core/packages/core/xPDOFileVehicle/921f4e2ef8d478bde16ec9b15a8d021e/ to /var/www/charliga/connectors/
[2015-03-20 16:11:43] (ERROR @ /setup/index.php) xPDOVehicle resolver failed: type php (/var/www/charliga/core/packages/core/xPDOFileVehicle/921f4e2ef8d478bde16ec9b15a8d021e.resolve.core.resolver)
